{"message":"expected value, found module `self`","code":{"code":"E0424","explanation":"The `self` keyword was used inside of an associated function without a \"`self`\nreceiver\" parameter.\n\nErroneous code example:\n\n```compile_fail,E0424\nstruct Foo;\n\nimpl Foo {\n    // `bar` is a method, because it has a receiver parameter.\n    fn bar(&self) {}\n\n    // `foo` is not a method, because it has no receiver parameter.\n    fn foo() {\n        self.bar(); // error: `self` value is a keyword only available in\n                    //        methods with a `self` parameter\n    }\n}\n```\n\nThe `self` keyword can only be used inside methods, which are associated\nfunctions (functions defined inside of a `trait` or `impl` block) that have a\n`self` receiver as its first parameter, like `self`, `&self`, `&mut self` or\n`self: &mut Pin<Self>` (this last one is an example of an [\"arbitrary `self`\ntype\"](https://github.com/rust-lang/rust/issues/44874)).\n\nCheck if the associated function's parameter list should have contained a `self`\nreceiver for it to be a method, and add it if so. Example:\n\n```\nstruct Foo;\n\nimpl Foo {\n    fn bar(&self) {}\n\n    fn foo(self) { // `foo` is now a method.\n        self.bar(); // ok!\n    }\n}\n```\n"},"level":"error","spans":[{"file_name":"src/person.rs","byte_start":212,"byte_end":216,"line_start":13,"line_end":13,"column_start":43,"column_end":47,"is_primary":true,"text":[{"text":"    const bmr1: f64 = Self::caculate_bmr(&self);","highlight_start":43,"highlight_end":47}],"label":"`self` value is a keyword only available in methods with a `self` parameter","suggested_replacement":null,"suggestion_applicability":null,"expansion":null},{"file_name":"src/main.rs","byte_start":0,"byte_end":0,"line_start":1,"line_end":1,"column_start":1,"column_end":1,"is_primary":false,"text":[],"label":"`self` not allowed in an implementation","suggested_replacement":null,"suggestion_applicability":null,"expansion":null}],"children":[],"rendered":"\u001b[0m\u001b[1m\u001b[38;5;9merror[E0424]\u001b[0m\u001b[0m\u001b[1m: expected value, found module `self`\u001b[0m\n\u001b[0m  \u001b[0m\u001b[0m\u001b[1m\u001b[38;5;12m--> \u001b[0m\u001b[0msrc/person.rs:13:43\u001b[0m\n\u001b[0m   \u001b[0m\u001b[0m\u001b[1m\u001b[38;5;12m|\u001b[0m\n\u001b[0m\u001b[1m\u001b[38;5;12m13\u001b[0m\u001b[0m \u001b[0m\u001b[0m\u001b[1m\u001b[38;5;12m|\u001b[0m\u001b[0m \u001b[0m\u001b[0m    const bmr1: f64 = Self::caculate_bmr(&self);\u001b[0m\n\u001b[0m   \u001b[0m\u001b[0m\u001b[1m\u001b[38;5;12m| \u001b[0m\u001b[0m                                          \u001b[0m\u001b[0m\u001b[1m\u001b[38;5;9m^^^^\u001b[0m\n\u001b[0m   \u001b[0m\u001b[0m\u001b[1m\u001b[38;5;12m| \u001b[0m\u001b[0m                                          \u001b[0m\u001b[0m\u001b[1m\u001b[38;5;12m|\u001b[0m\n\u001b[0m   \u001b[0m\u001b[0m\u001b[1m\u001b[38;5;12m| \u001b[0m\u001b[0m                                          \u001b[0m\u001b[0m\u001b[1m\u001b[38;5;9m`self` value is a keyword only available in methods with a `self` parameter\u001b[0m\n\u001b[0m   \u001b[0m\u001b[0m\u001b[1m\u001b[38;5;12m| \u001b[0m\u001b[0m                                          \u001b[0m\u001b[0m\u001b[1m\u001b[38;5;12m`self` not allowed in an implementation\u001b[0m\n\n"}
{"message":"no function or associated item named `caculate_bmr` found for struct `person::person::Person` in the current scope","code":{"code":"E0599","explanation":"This error occurs when a method is used on a type which doesn't implement it:\n\nErroneous code example:\n\n```compile_fail,E0599\nstruct Mouth;\n\nlet x = Mouth;\nx.chocolate(); // error: no method named `chocolate` found for type `Mouth`\n               //        in the current scope\n```\n\nIn this case, you need to implement the `chocolate` method to fix the error:\n\n```\nstruct Mouth;\n\nimpl Mouth {\n    fn chocolate(&self) { // We implement the `chocolate` method here.\n        println!(\"Hmmm! I love chocolate!\");\n    }\n}\n\nlet x = Mouth;\nx.chocolate(); // ok!\n```\n"},"level":"error","spans":[{"file_name":"src/person.rs","byte_start":19,"byte_end":36,"line_start":2,"line_end":2,"column_start":3,"column_end":20,"is_primary":false,"text":[{"text":"  pub struct Person {","highlight_start":3,"highlight_end":20}],"label":"function or associated item `caculate_bmr` not found for this struct","suggested_replacement":null,"suggestion_applicability":null,"expansion":null},{"file_name":"src/person.rs","byte_start":198,"byte_end":210,"line_start":13,"line_end":13,"column_start":29,"column_end":41,"is_primary":true,"text":[{"text":"    const bmr1: f64 = Self::caculate_bmr(&self);","highlight_start":29,"highlight_end":41}],"label":"function or associated item not found in `Person`","suggested_replacement":null,"suggestion_applicability":null,"expansion":null}],"children":[],"rendered":"\u001b[0m\u001b[1m\u001b[38;5;9merror[E0599]\u001b[0m\u001b[0m\u001b[1m: no function or associated item named `caculate_bmr` found for struct `person::person::Person` in the current scope\u001b[0m\n\u001b[0m  \u001b[0m\u001b[0m\u001b[1m\u001b[38;5;12m--> \u001b[0m\u001b[0msrc/person.rs:13:29\u001b[0m\n\u001b[0m   \u001b[0m\u001b[0m\u001b[1m\u001b[38;5;12m|\u001b[0m\n\u001b[0m\u001b[1m\u001b[38;5;12m2\u001b[0m\u001b[0m  \u001b[0m\u001b[0m\u001b[1m\u001b[38;5;12m|\u001b[0m\u001b[0m \u001b[0m\u001b[0m  pub struct Person {\u001b[0m\n\u001b[0m   \u001b[0m\u001b[0m\u001b[1m\u001b[38;5;12m| \u001b[0m\u001b[0m  \u001b[0m\u001b[0m\u001b[1m\u001b[38;5;12m-----------------\u001b[0m\u001b[0m \u001b[0m\u001b[0m\u001b[1m\u001b[38;5;12mfunction or associated item `caculate_bmr` not found for this struct\u001b[0m\n\u001b[0m\u001b[1m\u001b[38;5;12m...\u001b[0m\n\u001b[0m\u001b[1m\u001b[38;5;12m13\u001b[0m\u001b[0m \u001b[0m\u001b[0m\u001b[1m\u001b[38;5;12m|\u001b[0m\u001b[0m \u001b[0m\u001b[0m    const bmr1: f64 = Self::caculate_bmr(&self);\u001b[0m\n\u001b[0m   \u001b[0m\u001b[0m\u001b[1m\u001b[38;5;12m| \u001b[0m\u001b[0m                            \u001b[0m\u001b[0m\u001b[1m\u001b[38;5;9m^^^^^^^^^^^^\u001b[0m\u001b[0m \u001b[0m\u001b[0m\u001b[1m\u001b[38;5;9mfunction or associated item not found in `Person`\u001b[0m\n\n"}
{"message":"aborting due to 2 previous errors","code":null,"level":"error","spans":[],"children":[],"rendered":"\u001b[0m\u001b[1m\u001b[38;5;9merror\u001b[0m\u001b[0m\u001b[1m: aborting due to 2 previous errors\u001b[0m\n\n"}
{"message":"Some errors have detailed explanations: E0424, E0599.","code":null,"level":"failure-note","spans":[],"children":[],"rendered":"\u001b[0m\u001b[1mSome errors have detailed explanations: E0424, E0599.\u001b[0m\n"}
{"message":"For more information about an error, try `rustc --explain E0424`.","code":null,"level":"failure-note","spans":[],"children":[],"rendered":"\u001b[0m\u001b[1mFor more information about an error, try `rustc --explain E0424`.\u001b[0m\n"}
